<?xml version="1.0" encoding="utf-8"?><testsuites><testsuite errors="0" failures="0" hostname="test-guojianxiu" name="pytest" skipped="0" tests="4" time="399.780" timestamp="2020-03-05T17:40:42.768911"><testcase classname="testcase.test_demo.TestDemo" file="testcase\test_demo.py" line="7" name="test_login" time="47.868"></testcase><testcase classname="testcase.test_evaluation.TestEvaluation" file="testcase\test_evaluation.py" line="5" name="test_update_data" time="7.126"></testcase><testcase classname="testcase.test_evaluation.TestEvaluation" file="testcase\test_evaluation.py" line="32" name="test_evaluation" time="110.698"></testcase><testcase classname="testcase.test_result.TestResult" file="testcase\test_result.py" line="5" name="test_result" time="223.926"></testcase></testsuite></testsuites>