<?xml version="1.0" encoding="utf-8"?><testsuites><testsuite errors="0" failures="1" hostname="test-guojianxiu" name="pytest" skipped="0" tests="4" time="202.709" timestamp="2020-03-05T10:43:54.468613"><testcase classname="testcase.test_demo.TestDemo" file="testcase\test_demo.py" line="7" name="test_login" time="16.938"></testcase><testcase classname="testcase.test_evaluation.TestEvaluation" file="testcase\test_evaluation.py" line="5" name="test_update_data" time="5.868"></testcase><testcase classname="testcase.test_evaluation.TestEvaluation" file="testcase\test_evaluation.py" line="32" name="test_evaluation" time="40.219"></testcase><testcase classname="testcase.test_result.TestResult" file="testcase\test_result.py" line="5" name="test_result" time="134.640"><failure message="IndexError: Cannot choose from an empty sequence">self = &lt;testcase.test_result.TestResult object at 0x0000023B3FE50A90&gt;
browser = &lt;selenium.webdriver.chrome.webdriver.WebDriver (session=&quot;cf4ea5aff6738a862d331376b28ea0a2&quot;)&gt;

    def test_result(self,browser):
        self.result_page = Loginpage(browser).login(&apos;955194&apos;, &apos;jia1234567@&apos;).result()
        self.result_page.reevaluation()
&gt;       self.result_page.adjustplan()

testcase\test_result.py:9: 
_ _ _ _ _ _ _ _ _ _ _ _ _ _ _ _ _ _ _ _ _ _ _ _ _ _ _ _ _ _ _ _ _ _ _ _ _ _ _ _
page\result.py:26: in adjustplan
    Adjustplanpage(self.driver).adjust()
page\adjustplan.py:15: in adjust
    grade = random.choice(self.grades)
_ _ _ _ _ _ _ _ _ _ _ _ _ _ _ _ _ _ _ _ _ _ _ _ _ _ _ _ _ _ _ _ _ _ _ _ _ _ _ _

self = &lt;random.Random object at 0x0000023B3FE00AF8&gt;, seq = []

    def choice(self, seq):
        &quot;&quot;&quot;Choose a random element from a non-empty sequence.&quot;&quot;&quot;
        try:
            i = self._randbelow(len(seq))
        except ValueError:
&gt;           raise IndexError(&apos;Cannot choose from an empty sequence&apos;) from None
E           IndexError: Cannot choose from an empty sequence

D:\Python\lib\random.py:261: IndexError</failure></testcase></testsuite></testsuites>