<?xml version="1.0" encoding="utf-8"?><testsuites><testsuite errors="0" failures="0" hostname="test-guojianxiu" name="pytest" skipped="0" tests="1" time="13.951" timestamp="2020-01-19T14:14:32.640284"><testcase classname="testcase.test_demo.TestDemo" file="testcase\test_demo.py" line="7" name="test_login" time="13.875"></testcase></testsuite></testsuites>