<?xml version="1.0" encoding="utf-8"?><testsuites><testsuite errors="0" failures="0" hostname="test-guojianxiu" name="pytest" skipped="0" tests="5" time="178.925" timestamp="2020-03-06T09:54:06.274168"><testcase classname="testcase.test_demo.TestDemo" file="testcase\test_demo.py" line="7" name="test_login" time="26.754"></testcase><testcase classname="testcase.test_evaluation.TestEvaluation" file="testcase\test_evaluation.py" line="5" name="test_update_data" time="6.789"></testcase><testcase classname="testcase.test_evaluation.TestEvaluation" file="testcase\test_evaluation.py" line="32" name="test_evaluation" time="60.970"></testcase><testcase classname="testcase.test_result.TestResult" file="testcase\test_result.py" line="5" name="test_result" time="79.286"></testcase><testcase classname="testcase.test_result.TestResult" file="testcase\test_result.py" line="11" name="test_revertdata" time="4.836"></testcase></testsuite></testsuites>