<?xml version="1.0" encoding="utf-8"?><testsuites><testsuite errors="0" failures="1" hostname="test-guojianxiu" name="pytest" skipped="0" tests="3" time="114.078" timestamp="2020-03-04T16:45:20.628035"><testcase classname="testcase.test_demo.TestDemo" file="testcase\test_demo.py" line="7" name="test_login" time="28.778"></testcase><testcase classname="testcase.test_evaluation.TestEvaluation" file="testcase\test_evaluation.py" line="5" name="test_update_data" time="22.356"></testcase><testcase classname="testcase.test_evaluation.TestEvaluation" file="testcase\test_evaluation.py" line="32" name="test_evaluation" time="56.712"><failure message="IndexError: Cannot choose from an empty sequence">self = &lt;testcase.test_evaluation.TestEvaluation object at 0x000002207BF60B00&gt;
browser = &lt;selenium.webdriver.chrome.webdriver.WebDriver (session=&quot;241d2f670d245793d2cb7ae491567b31&quot;)&gt;

    def test_evaluation(self,browser):
        self.evaluation_page = Loginpage(browser).login(&apos;955194&apos;, &apos;jia1234567@&apos;).evaluation()
        self.evaluation_page.start()
&gt;       self.evaluation_page.first_step()

testcase\test_evaluation.py:36: 
_ _ _ _ _ _ _ _ _ _ _ _ _ _ _ _ _ _ _ _ _ _ _ _ _ _ _ _ _ _ _ _ _ _ _ _ _ _ _ _
page\evaluation.py:22: in first_step
    grade = random.choice(self.grades)
_ _ _ _ _ _ _ _ _ _ _ _ _ _ _ _ _ _ _ _ _ _ _ _ _ _ _ _ _ _ _ _ _ _ _ _ _ _ _ _

self = &lt;random.Random object at 0x000002207BF17CD8&gt;, seq = []

    def choice(self, seq):
        &quot;&quot;&quot;Choose a random element from a non-empty sequence.&quot;&quot;&quot;
        try:
            i = self._randbelow(len(seq))
        except ValueError:
&gt;           raise IndexError(&apos;Cannot choose from an empty sequence&apos;) from None
E           IndexError: Cannot choose from an empty sequence

D:\Python\lib\random.py:261: IndexError</failure></testcase></testsuite></testsuites>