<?xml version="1.0" encoding="utf-8"?><testsuites><testsuite errors="0" failures="0" hostname="test-guojianxiu" name="pytest" skipped="0" tests="6" time="193.855" timestamp="2020-03-17T15:10:25.220259"><testcase classname="testcase.test_continuepay.TestContinuepay" file="testcase\test_continuepay.py" line="5" name="test_continuepay" time="63.171"></testcase><testcase classname="testcase.test_demo.TestDemo" file="testcase\test_demo.py" line="5" name="test_login" time="17.171"></testcase><testcase classname="testcase.test_evaluation.TestEvaluation" file="testcase\test_evaluation.py" line="5" name="test_update_data" time="5.683"></testcase><testcase classname="testcase.test_evaluation.TestEvaluation" file="testcase\test_evaluation.py" line="32" name="test_evaluation" time="39.565"></testcase><testcase classname="testcase.test_result.TestResult" file="testcase\test_result.py" line="5" name="test_result" time="65.133"></testcase><testcase classname="testcase.test_result.TestResult" file="testcase\test_result.py" line="11" name="test_revertdata" time="2.511"></testcase></testsuite></testsuites>